<?xml version="1.0" encoding="UTF-8"?>
<testng-results ignored="0" total="1" passed="1" failed="0" skipped="0">
  <reporter-output>
  </reporter-output>
  <suite started-at="2024-12-04T14:24:55 IST" name="Default suite" finished-at="2024-12-04T14:25:01 IST" duration-ms="5938">
    <groups>
    </groups>
    <test started-at="2024-12-04T14:24:55 IST" name="Default test" finished-at="2024-12-04T14:25:01 IST" duration-ms="5938">
      <class name="com.saucedemo.tests.SauceDemoTest">
        <test-method is-config="true" signature="setUp()[pri:0, instance:com.saucedemo.tests.SauceDemoTest@5ddeb7cb]" started-at="2024-12-04T14:24:55 IST" name="setUp" finished-at="2024-12-04T14:24:58 IST" duration-ms="3138" status="PASS">
          <reporter-output>
          </reporter-output>
        </test-method> <!-- setUp -->
        <test-method is-config="true" signature="startTest()[pri:0, instance:com.saucedemo.tests.SauceDemoTest@5ddeb7cb]" started-at="2024-12-04T14:24:58 IST" name="startTest" finished-at="2024-12-04T14:24:58 IST" duration-ms="5" status="PASS">
          <reporter-output>
          </reporter-output>
        </test-method> <!-- startTest -->
        <test-method signature="testSauceDemo()[pri:0, instance:com.saucedemo.tests.SauceDemoTest@5ddeb7cb]" started-at="2024-12-04T14:24:58 IST" name="testSauceDemo" finished-at="2024-12-04T14:25:01 IST" duration-ms="2232" status="PASS">
          <reporter-output>
          </reporter-output>
        </test-method> <!-- testSauceDemo -->
        <test-method is-config="true" signature="endTest()[pri:0, instance:com.saucedemo.tests.SauceDemoTest@5ddeb7cb]" started-at="2024-12-04T14:25:01 IST" name="endTest" finished-at="2024-12-04T14:25:01 IST" duration-ms="321" status="PASS">
          <reporter-output>
          </reporter-output>
        </test-method> <!-- endTest -->
        <test-method is-config="true" signature="tearDown()[pri:0, instance:com.saucedemo.tests.SauceDemoTest@5ddeb7cb]" started-at="2024-12-04T14:25:01 IST" name="tearDown" finished-at="2024-12-04T14:25:01 IST" duration-ms="208" status="PASS">
          <reporter-output>
          </reporter-output>
        </test-method> <!-- tearDown -->
      </class> <!-- com.saucedemo.tests.SauceDemoTest -->
    </test> <!-- Default test -->
  </suite> <!-- Default suite -->
</testng-results>
